<?xml version="1.0" encoding="UTF-8"?>
<!-- Generated by org.testng.reporters.JUnitReportReporter -->
<testsuite hostname="DESKTOP-PS87CID" failures="0" tests="1" name="simplecalculator.Addition" time="9.521" errors="0" timestamp="2021-11-16T22:56:32 IST" skipped="0">
  <testcase classname="simplecalculator.Addition" name="f" time="9.521"/>
  <system-out/>
</testsuite> <!-- simplecalculator.Addition -->
