<?xml version="1.0" encoding="UTF-8"?>
<!-- Generated by org.testng.reporters.JUnitReportReporter -->
<testsuite hostname="DESKTOP-PS87CID" failures="0" tests="1" name="simplecalculator.Maltiplication" time="8.075" errors="0" timestamp="2021-11-16T22:00:48 IST" skipped="0">
  <testcase classname="simplecalculator.Maltiplication" name="f" time="8.075"/>
  <system-out/>
</testsuite> <!-- simplecalculator.Maltiplication -->
