<?xml version="1.0" encoding="UTF-8"?>
<!-- Generated by org.testng.reporters.JUnitReportReporter -->
<testsuite hostname="DESKTOP-PS87CID" failures="0" tests="1" name="simplecalculator.Division" time="7.116" errors="0" timestamp="2021-11-16T22:14:57 IST" skipped="0">
  <testcase classname="simplecalculator.Division" name="f" time="7.116"/>
  <system-out/>
</testsuite> <!-- simplecalculator.Division -->
